<?xml version="1.0" encoding="UTF-8"?>
<!-- Generated by org.testng.reporters.JUnitReportReporter -->
<testsuite hostname="Anatoliivna-MacBook-Pro-2.local" name="com.seleniumeasy.test.SingleInputField" tests="1" failures="0" timestamp="9 Jun 2017 23:06:52 GMT" time="8.945" errors="0">
  <testcase name="SingleInputField" time="8.945" classname="com.seleniumeasy.test.SingleInputField"/>
</testsuite> <!-- com.seleniumeasy.test.SingleInputField -->
